   C R Y S O N    Version 2.7  -- 27/07/12 
 
 
 -- Program  started  at   16-May-2018   13:46:01--
 
 --------  Real space resolution and grid  -------- 
 
  Maximum order of harmonics ............................ : 15
  Order of Fibonacci grid ............................... : 17
  Total number of directions ............................ : 2585
 
 ------------  Reciprocal space grid  -------------
 
   in s = 4*pi*sin(theta)/lambda [1/angstrom] 
  Maximum scattering angle .............................. : 0.5000
  Number of angular points .............................. : 100
 Perdeuteration, chain [A] (0<y<1) ...................... : 0.0
 D2O fraction in solvent ................................ : 1.000
 
 --- Structural parameters (sizes in angstroms) --- 
 
 PDB file name .......................................... : 2kkj_4.pdb
  Number of atoms read .................................. : 460
  Number of discarded hydrogens ......................... : 484
 Geometric Center:   -0.633   -1.297   -0.972
 For   34  zero directions radius    1.47 assumed
 Atomic     Rg   :  14.66       Envelope   Rg      :  14.84    
 Shape      Rg   :  14.37       Envelope  volume   : 0.1039E+05
 Shell    volume :  7198.       Envelope  surface  :  1942.    
 Shell      Rg   :  18.16       Envelope  radius   :  32.78    
 Shell    width  :  3.000       Envelope  diameter :  52.49    
 Molecular Weight:  6567.       Dry volume         :  7959.    
 Displaced volume:  8221.       Average atomic rad.:  1.622    
 Solvent density :  6.404       Particle contrast  : -3.251    
 Number of residuals :                59
 
 -- No data fitting, parameters entered manually --
 
 Contrast of the solvation shell ........................ : 0.6404
 Average atomic radius .................................. : 1.622
 Excluded Volume ........................................ : 8221.
 Solvent density ........................................ : 6.404
 Average atomic volume .................................. : 17.87
 Radius of gyration from atomic structure
 Rg ( Atoms - Excluded Volume + Shell ) ................. : 12.89
 Rg from the slope of net intensity ..................... : 12.60
  
 ----------------  Output files  ------------------
  
 Coefficients   saved to file 2kkj_400.flm
 CRYSON data    saved to file 2kkj_400.sav
Intensities    saved to file 2kkj_400.int
Net amplitudes saved to file 2kkj_400.alm
 
   C R Y S O N    Version 2.7  -- 27/07/12  ----  terminated at   16-May-2018   13:46:01--
